<?xml version="1.0" encoding="UTF-8"?>
<testng-results skipped="2" failed="0" ignored="0" total="5" passed="3">
  <reporter-output>
  </reporter-output>
  <suite name="Suite" duration-ms="196958" started-at="2019-09-23T13:30:03Z" finished-at="2019-09-23T13:33:20Z">
    <groups>
    </groups>
    <test name="HomepageTest" duration-ms="37195" started-at="2019-09-23T13:30:03Z" finished-at="2019-09-23T13:30:40Z">
      <class name="com.atmecs.practo.testscripts.SelectPharmacyTestScript">
        <test-method status="PASS" signature="intitailizeBrowser()[pri:0, instance:com.atmecs.practo.testscripts.SelectPharmacyTestScript@39c0f4a]" name="intitailizeBrowser" is-config="true" duration-ms="17898" started-at="2019-09-23T13:30:03Z" finished-at="2019-09-23T13:30:21Z">
          <reporter-output>
          </reporter-output>
        </test-method> <!-- intitailizeBrowser -->
        <test-method status="PASS" signature="isRedirectionCorrect()[pri:1, instance:com.atmecs.practo.testscripts.SelectPharmacyTestScript@39c0f4a]" name="isRedirectionCorrect" duration-ms="34" started-at="2019-09-23T13:30:21Z" finished-at="2019-09-23T13:30:21Z">
          <reporter-output>
          </reporter-output>
        </test-method> <!-- isRedirectionCorrect -->
        <test-method status="PASS" signature="clickDepartment()[pri:2, instance:com.atmecs.practo.testscripts.SelectPharmacyTestScript@39c0f4a]" name="clickDepartment" duration-ms="15103" started-at="2019-09-23T13:30:21Z" finished-at="2019-09-23T13:30:36Z">
          <reporter-output>
          </reporter-output>
        </test-method> <!-- clickDepartment -->
        <test-method status="PASS" signature="clodeDriver()[pri:0, instance:com.atmecs.practo.testscripts.SelectPharmacyTestScript@39c0f4a]" name="clodeDriver" is-config="true" duration-ms="4127" started-at="2019-09-23T13:30:36Z" finished-at="2019-09-23T13:30:40Z">
          <reporter-output>
          </reporter-output>
        </test-method> <!-- clodeDriver -->
      </class> <!-- com.atmecs.practo.testscripts.SelectPharmacyTestScript -->
    </test> <!-- HomepageTest -->
    <test name="productselectionTest" duration-ms="143049" started-at="2019-09-23T13:30:40Z" finished-at="2019-09-23T13:33:03Z">
      <class name="com.atmecs.practo.testscripts.SelectProductTestScript">
        <test-method status="PASS" signature="intitailizeBrowser()[pri:0, instance:com.atmecs.practo.testscripts.SelectProductTestScript@73ad2d6]" name="intitailizeBrowser" is-config="true" duration-ms="23378" started-at="2019-09-23T13:30:40Z" finished-at="2019-09-23T13:31:03Z">
          <reporter-output>
          </reporter-output>
        </test-method> <!-- intitailizeBrowser -->
        <test-method status="PASS" signature="productSelect(java.lang.String)[pri:3, instance:com.atmecs.practo.testscripts.SelectProductTestScript@73ad2d6]" name="productSelect" duration-ms="118384" started-at="2019-09-23T13:31:04Z" data-provider="productinput" finished-at="2019-09-23T13:33:03Z">
          <params>
            <param index="0">
              <value>
                <![CDATA[pain]]>
              </value>
            </param>
          </params>
          <reporter-output>
          </reporter-output>
        </test-method> <!-- productSelect -->
        <test-method status="PASS" signature="clodeDriver()[pri:0, instance:com.atmecs.practo.testscripts.SelectProductTestScript@73ad2d6]" name="clodeDriver" is-config="true" duration-ms="110" started-at="2019-09-23T13:33:03Z" finished-at="2019-09-23T13:33:03Z">
          <reporter-output>
          </reporter-output>
        </test-method> <!-- clodeDriver -->
      </class> <!-- com.atmecs.practo.testscripts.SelectProductTestScript -->
    </test> <!-- productselectionTest -->
    <test name="checkoutTest" duration-ms="16658" started-at="2019-09-23T13:33:03Z" finished-at="2019-09-23T13:33:20Z">
      <class name="com.atmecs.practo.testscripts.ProductCheckoutTestScript">
        <test-method status="FAIL" signature="intitailizeBrowser()[pri:0, instance:com.atmecs.practo.testscripts.ProductCheckoutTestScript@31a5c39e]" name="intitailizeBrowser" is-config="true" duration-ms="16484" started-at="2019-09-23T13:33:03Z" finished-at="2019-09-23T13:33:19Z">
          <exception class="org.openqa.selenium.SessionNotCreatedException">
            <message>
              <![CDATA[session not created
from chrome not reachable
  (Session info: chrome=76.0.3809.132)
Build info: version: '4.0.0-alpha-2', revision: 'f148142cf8', time: '2019-07-01T20:55:26'
System info: host: 'ATMECSINLT-033', ip: '55.55.52.127', os.name: 'Windows 10', os.arch: 'amd64', os.version: '10.0', java.version: '1.8.0_221'
Driver info: driver.version: ChromeDriver
remote stacktrace: Backtrace:
Ordinal0 [0x00AF7C53+1473619]
Ordinal0 [0x00A7AD71+961905]
Ordinal0 [0x00A0415C+475484]
Ordinal0 [0x009FDAEA+449258]
Ordinal0 [0x009FE188+450952]
Ordinal0 [0x009FF295+455317]
Ordinal0 [0x009FB495+439445]
Ordinal0 [0x00A04F10+478992]
Ordinal0 [0x009B98FE+170238]
Ordinal0 [0x009B8D1D+167197]
Ordinal0 [0x009B742B+160811]
Ordinal0 [0x009A0AE6+68326]
Ordinal0 [0x009A1BF0+72688]
Ordinal0 [0x009A1B89+72585]
Ordinal0 [0x00A94B37+1067831]
GetHandleVerifier [0x00B96845+506677]
GetHandleVerifier [0x00B965E0+506064]
GetHandleVerifier [0x00B9D188+533624]
GetHandleVerifier [0x00B9701A+508682]
Ordinal0 [0x00A8C226+1032742]
Ordinal0 [0x00A8C09F+1032351]
Ordinal0 [0x00A96A4B+1075787]
Ordinal0 [0x00A96BB3+1076147]
Ordinal0 [0x00A95B65+1071973]
BaseThreadInitThunk [0x751560C9+25]
RtlGetAppContainerNamedObjectPath [0x76F77A94+228]
RtlGetAppContainerNamedObjectPath [0x76F77A64+180]
]]>
            </message>
            <full-stacktrace>
              <![CDATA[org.openqa.selenium.SessionNotCreatedException: session not created
from chrome not reachable
  (Session info: chrome=76.0.3809.132)
Build info: version: '4.0.0-alpha-2', revision: 'f148142cf8', time: '2019-07-01T20:55:26'
System info: host: 'ATMECSINLT-033', ip: '55.55.52.127', os.name: 'Windows 10', os.arch: 'amd64', os.version: '10.0', java.version: '1.8.0_221'
Driver info: driver.version: ChromeDriver
remote stacktrace: Backtrace:
Ordinal0 [0x00AF7C53+1473619]
Ordinal0 [0x00A7AD71+961905]
Ordinal0 [0x00A0415C+475484]
Ordinal0 [0x009FDAEA+449258]
Ordinal0 [0x009FE188+450952]
Ordinal0 [0x009FF295+455317]
Ordinal0 [0x009FB495+439445]
Ordinal0 [0x00A04F10+478992]
Ordinal0 [0x009B98FE+170238]
Ordinal0 [0x009B8D1D+167197]
Ordinal0 [0x009B742B+160811]
Ordinal0 [0x009A0AE6+68326]
Ordinal0 [0x009A1BF0+72688]
Ordinal0 [0x009A1B89+72585]
Ordinal0 [0x00A94B37+1067831]
GetHandleVerifier [0x00B96845+506677]
GetHandleVerifier [0x00B965E0+506064]
GetHandleVerifier [0x00B9D188+533624]
GetHandleVerifier [0x00B9701A+508682]
Ordinal0 [0x00A8C226+1032742]
Ordinal0 [0x00A8C09F+1032351]
Ordinal0 [0x00A96A4B+1075787]
Ordinal0 [0x00A96BB3+1076147]
Ordinal0 [0x00A95B65+1071973]
BaseThreadInitThunk [0x751560C9+25]
RtlGetAppContainerNamedObjectPath [0x76F77A94+228]
RtlGetAppContainerNamedObjectPath [0x76F77A64+180]

at sun.reflect.NativeConstructorAccessorImpl.newInstance0(Native Method)
at sun.reflect.NativeConstructorAccessorImpl.newInstance(NativeConstructorAccessorImpl.java:62)
at sun.reflect.DelegatingConstructorAccessorImpl.newInstance(DelegatingConstructorAccessorImpl.java:45)
at java.lang.reflect.Constructor.newInstance(Constructor.java:423)
at org.openqa.selenium.remote.W3CHandshakeResponse.lambda$errorHandler$0(W3CHandshakeResponse.java:62)
at org.openqa.selenium.remote.HandshakeResponse.lambda$getResponseFunction$0(HandshakeResponse.java:30)
at org.openqa.selenium.remote.ProtocolHandshake.lambda$createSession$1(ProtocolHandshake.java:127)
at java.util.stream.ReferencePipeline$3$1.accept(ReferencePipeline.java:193)
at java.util.Spliterators$ArraySpliterator.tryAdvance(Spliterators.java:958)
at java.util.stream.ReferencePipeline.forEachWithCancel(ReferencePipeline.java:126)
at java.util.stream.AbstractPipeline.copyIntoWithCancel(AbstractPipeline.java:499)
at java.util.stream.AbstractPipeline.copyInto(AbstractPipeline.java:486)
at java.util.stream.AbstractPipeline.wrapAndCopyInto(AbstractPipeline.java:472)
at java.util.stream.FindOps$FindOp.evaluateSequential(FindOps.java:152)
at java.util.stream.AbstractPipeline.evaluate(AbstractPipeline.java:234)
at java.util.stream.ReferencePipeline.findFirst(ReferencePipeline.java:464)
at org.openqa.selenium.remote.ProtocolHandshake.createSession(ProtocolHandshake.java:129)
at org.openqa.selenium.remote.ProtocolHandshake.createSession(ProtocolHandshake.java:75)
at org.openqa.selenium.remote.HttpCommandExecutor.execute(HttpCommandExecutor.java:139)
at org.openqa.selenium.remote.service.DriverCommandExecutor.execute(DriverCommandExecutor.java:83)
at org.openqa.selenium.remote.RemoteWebDriver.execute(RemoteWebDriver.java:576)
at org.openqa.selenium.remote.RemoteWebDriver.startSession(RemoteWebDriver.java:210)
at org.openqa.selenium.remote.RemoteWebDriver.<init>(RemoteWebDriver.java:130)
at org.openqa.selenium.chrome.ChromeDriver.<init>(ChromeDriver.java:181)
at org.openqa.selenium.chrome.ChromeDriver.<init>(ChromeDriver.java:168)
at org.openqa.selenium.chrome.ChromeDriver.<init>(ChromeDriver.java:123)
at com.atmecs.practo.testbase.TestBase.intitailizeBrowser(TestBase.java:34)
at sun.reflect.NativeMethodAccessorImpl.invoke0(Native Method)
at sun.reflect.NativeMethodAccessorImpl.invoke(NativeMethodAccessorImpl.java:62)
at sun.reflect.DelegatingMethodAccessorImpl.invoke(DelegatingMethodAccessorImpl.java:43)
at java.lang.reflect.Method.invoke(Method.java:498)
at org.testng.internal.MethodInvocationHelper.invokeMethod(MethodInvocationHelper.java:124)
at org.testng.internal.MethodInvocationHelper.invokeMethodConsideringTimeout(MethodInvocationHelper.java:59)
at org.testng.internal.Invoker.invokeConfigurationMethod(Invoker.java:458)
at org.testng.internal.Invoker.invokeConfigurations(Invoker.java:222)
at org.testng.internal.Invoker.invokeConfigurations(Invoker.java:142)
at org.testng.TestRunner.beforeRun(TestRunner.java:529)
at org.testng.TestRunner.run(TestRunner.java:497)
at org.testng.SuiteRunner.runTest(SuiteRunner.java:455)
at org.testng.SuiteRunner.runSequentially(SuiteRunner.java:450)
at org.testng.SuiteRunner.privateRun(SuiteRunner.java:415)
at org.testng.SuiteRunner.run(SuiteRunner.java:364)
at org.testng.SuiteRunnerWorker.runSuite(SuiteRunnerWorker.java:52)
at org.testng.SuiteRunnerWorker.run(SuiteRunnerWorker.java:84)
at org.testng.TestNG.runSuitesSequentially(TestNG.java:1208)
at org.testng.TestNG.runSuitesLocally(TestNG.java:1137)
at org.testng.TestNG.runSuites(TestNG.java:1049)
at org.testng.TestNG.run(TestNG.java:1017)
at org.apache.maven.surefire.testng.TestNGExecutor.run(TestNGExecutor.java:283)
at org.apache.maven.surefire.testng.TestNGXmlTestSuite.execute(TestNGXmlTestSuite.java:75)
at org.apache.maven.surefire.testng.TestNGProvider.invoke(TestNGProvider.java:120)
at org.apache.maven.surefire.booter.ForkedBooter.invokeProviderInSameClassLoader(ForkedBooter.java:384)
at org.apache.maven.surefire.booter.ForkedBooter.runSuitesInProcess(ForkedBooter.java:345)
at org.apache.maven.surefire.booter.ForkedBooter.execute(ForkedBooter.java:126)
at org.apache.maven.surefire.booter.ForkedBooter.main(ForkedBooter.java:418)
]]>
            </full-stacktrace>
          </exception> <!-- org.openqa.selenium.SessionNotCreatedException -->
          <reporter-output>
          </reporter-output>
        </test-method> <!-- intitailizeBrowser -->
        <test-method status="SKIP" signature="productSelect(java.lang.String)[pri:4, instance:com.atmecs.practo.testscripts.ProductCheckoutTestScript@31a5c39e]" name="productSelect" duration-ms="0" started-at="2019-09-23T13:33:20Z" data-provider="productinput" finished-at="2019-09-23T13:33:20Z">
          <exception class="org.openqa.selenium.SessionNotCreatedException">
            <message>
              <![CDATA[session not created
from chrome not reachable
  (Session info: chrome=76.0.3809.132)
Build info: version: '4.0.0-alpha-2', revision: 'f148142cf8', time: '2019-07-01T20:55:26'
System info: host: 'ATMECSINLT-033', ip: '55.55.52.127', os.name: 'Windows 10', os.arch: 'amd64', os.version: '10.0', java.version: '1.8.0_221'
Driver info: driver.version: ChromeDriver
remote stacktrace: Backtrace:
Ordinal0 [0x00AF7C53+1473619]
Ordinal0 [0x00A7AD71+961905]
Ordinal0 [0x00A0415C+475484]
Ordinal0 [0x009FDAEA+449258]
Ordinal0 [0x009FE188+450952]
Ordinal0 [0x009FF295+455317]
Ordinal0 [0x009FB495+439445]
Ordinal0 [0x00A04F10+478992]
Ordinal0 [0x009B98FE+170238]
Ordinal0 [0x009B8D1D+167197]
Ordinal0 [0x009B742B+160811]
Ordinal0 [0x009A0AE6+68326]
Ordinal0 [0x009A1BF0+72688]
Ordinal0 [0x009A1B89+72585]
Ordinal0 [0x00A94B37+1067831]
GetHandleVerifier [0x00B96845+506677]
GetHandleVerifier [0x00B965E0+506064]
GetHandleVerifier [0x00B9D188+533624]
GetHandleVerifier [0x00B9701A+508682]
Ordinal0 [0x00A8C226+1032742]
Ordinal0 [0x00A8C09F+1032351]
Ordinal0 [0x00A96A4B+1075787]
Ordinal0 [0x00A96BB3+1076147]
Ordinal0 [0x00A95B65+1071973]
BaseThreadInitThunk [0x751560C9+25]
RtlGetAppContainerNamedObjectPath [0x76F77A94+228]
RtlGetAppContainerNamedObjectPath [0x76F77A64+180]
]]>
            </message>
            <full-stacktrace>
              <![CDATA[org.openqa.selenium.SessionNotCreatedException: session not created
from chrome not reachable
  (Session info: chrome=76.0.3809.132)
Build info: version: '4.0.0-alpha-2', revision: 'f148142cf8', time: '2019-07-01T20:55:26'
System info: host: 'ATMECSINLT-033', ip: '55.55.52.127', os.name: 'Windows 10', os.arch: 'amd64', os.version: '10.0', java.version: '1.8.0_221'
Driver info: driver.version: ChromeDriver
remote stacktrace: Backtrace:
Ordinal0 [0x00AF7C53+1473619]
Ordinal0 [0x00A7AD71+961905]
Ordinal0 [0x00A0415C+475484]
Ordinal0 [0x009FDAEA+449258]
Ordinal0 [0x009FE188+450952]
Ordinal0 [0x009FF295+455317]
Ordinal0 [0x009FB495+439445]
Ordinal0 [0x00A04F10+478992]
Ordinal0 [0x009B98FE+170238]
Ordinal0 [0x009B8D1D+167197]
Ordinal0 [0x009B742B+160811]
Ordinal0 [0x009A0AE6+68326]
Ordinal0 [0x009A1BF0+72688]
Ordinal0 [0x009A1B89+72585]
Ordinal0 [0x00A94B37+1067831]
GetHandleVerifier [0x00B96845+506677]
GetHandleVerifier [0x00B965E0+506064]
GetHandleVerifier [0x00B9D188+533624]
GetHandleVerifier [0x00B9701A+508682]
Ordinal0 [0x00A8C226+1032742]
Ordinal0 [0x00A8C09F+1032351]
Ordinal0 [0x00A96A4B+1075787]
Ordinal0 [0x00A96BB3+1076147]
Ordinal0 [0x00A95B65+1071973]
BaseThreadInitThunk [0x751560C9+25]
RtlGetAppContainerNamedObjectPath [0x76F77A94+228]
RtlGetAppContainerNamedObjectPath [0x76F77A64+180]

at sun.reflect.NativeConstructorAccessorImpl.newInstance0(Native Method)
at sun.reflect.NativeConstructorAccessorImpl.newInstance(NativeConstructorAccessorImpl.java:62)
at sun.reflect.DelegatingConstructorAccessorImpl.newInstance(DelegatingConstructorAccessorImpl.java:45)
at java.lang.reflect.Constructor.newInstance(Constructor.java:423)
at org.openqa.selenium.remote.W3CHandshakeResponse.lambda$errorHandler$0(W3CHandshakeResponse.java:62)
at org.openqa.selenium.remote.HandshakeResponse.lambda$getResponseFunction$0(HandshakeResponse.java:30)
at org.openqa.selenium.remote.ProtocolHandshake.lambda$createSession$1(ProtocolHandshake.java:127)
at java.util.stream.ReferencePipeline$3$1.accept(ReferencePipeline.java:193)
at java.util.Spliterators$ArraySpliterator.tryAdvance(Spliterators.java:958)
at java.util.stream.ReferencePipeline.forEachWithCancel(ReferencePipeline.java:126)
at java.util.stream.AbstractPipeline.copyIntoWithCancel(AbstractPipeline.java:499)
at java.util.stream.AbstractPipeline.copyInto(AbstractPipeline.java:486)
at java.util.stream.AbstractPipeline.wrapAndCopyInto(AbstractPipeline.java:472)
at java.util.stream.FindOps$FindOp.evaluateSequential(FindOps.java:152)
at java.util.stream.AbstractPipeline.evaluate(AbstractPipeline.java:234)
at java.util.stream.ReferencePipeline.findFirst(ReferencePipeline.java:464)
at org.openqa.selenium.remote.ProtocolHandshake.createSession(ProtocolHandshake.java:129)
at org.openqa.selenium.remote.ProtocolHandshake.createSession(ProtocolHandshake.java:75)
at org.openqa.selenium.remote.HttpCommandExecutor.execute(HttpCommandExecutor.java:139)
at org.openqa.selenium.remote.service.DriverCommandExecutor.execute(DriverCommandExecutor.java:83)
at org.openqa.selenium.remote.RemoteWebDriver.execute(RemoteWebDriver.java:576)
at org.openqa.selenium.remote.RemoteWebDriver.startSession(RemoteWebDriver.java:210)
at org.openqa.selenium.remote.RemoteWebDriver.<init>(RemoteWebDriver.java:130)
at org.openqa.selenium.chrome.ChromeDriver.<init>(ChromeDriver.java:181)
at org.openqa.selenium.chrome.ChromeDriver.<init>(ChromeDriver.java:168)
at org.openqa.selenium.chrome.ChromeDriver.<init>(ChromeDriver.java:123)
at com.atmecs.practo.testbase.TestBase.intitailizeBrowser(TestBase.java:34)
at sun.reflect.NativeMethodAccessorImpl.invoke0(Native Method)
at sun.reflect.NativeMethodAccessorImpl.invoke(NativeMethodAccessorImpl.java:62)
at sun.reflect.DelegatingMethodAccessorImpl.invoke(DelegatingMethodAccessorImpl.java:43)
at java.lang.reflect.Method.invoke(Method.java:498)
at org.testng.internal.MethodInvocationHelper.invokeMethod(MethodInvocationHelper.java:124)
at org.testng.internal.MethodInvocationHelper.invokeMethodConsideringTimeout(MethodInvocationHelper.java:59)
at org.testng.internal.Invoker.invokeConfigurationMethod(Invoker.java:458)
at org.testng.internal.Invoker.invokeConfigurations(Invoker.java:222)
at org.testng.internal.Invoker.invokeConfigurations(Invoker.java:142)
at org.testng.TestRunner.beforeRun(TestRunner.java:529)
at org.testng.TestRunner.run(TestRunner.java:497)
at org.testng.SuiteRunner.runTest(SuiteRunner.java:455)
at org.testng.SuiteRunner.runSequentially(SuiteRunner.java:450)
at org.testng.SuiteRunner.privateRun(SuiteRunner.java:415)
at org.testng.SuiteRunner.run(SuiteRunner.java:364)
at org.testng.SuiteRunnerWorker.runSuite(SuiteRunnerWorker.java:52)
at org.testng.SuiteRunnerWorker.run(SuiteRunnerWorker.java:84)
at org.testng.TestNG.runSuitesSequentially(TestNG.java:1208)
at org.testng.TestNG.runSuitesLocally(TestNG.java:1137)
at org.testng.TestNG.runSuites(TestNG.java:1049)
at org.testng.TestNG.run(TestNG.java:1017)
at org.apache.maven.surefire.testng.TestNGExecutor.run(TestNGExecutor.java:283)
at org.apache.maven.surefire.testng.TestNGXmlTestSuite.execute(TestNGXmlTestSuite.java:75)
at org.apache.maven.surefire.testng.TestNGProvider.invoke(TestNGProvider.java:120)
at org.apache.maven.surefire.booter.ForkedBooter.invokeProviderInSameClassLoader(ForkedBooter.java:384)
at org.apache.maven.surefire.booter.ForkedBooter.runSuitesInProcess(ForkedBooter.java:345)
at org.apache.maven.surefire.booter.ForkedBooter.execute(ForkedBooter.java:126)
at org.apache.maven.surefire.booter.ForkedBooter.main(ForkedBooter.java:418)
]]>
            </full-stacktrace>
          </exception> <!-- org.openqa.selenium.SessionNotCreatedException -->
          <reporter-output>
          </reporter-output>
        </test-method> <!-- productSelect -->
        <test-method status="SKIP" signature="clodeDriver()[pri:0, instance:com.atmecs.practo.testscripts.ProductCheckoutTestScript@31a5c39e]" name="clodeDriver" is-config="true" duration-ms="0" started-at="2019-09-23T13:33:20Z" finished-at="2019-09-23T13:33:20Z">
          <reporter-output>
          </reporter-output>
        </test-method> <!-- clodeDriver -->
        <test-method status="SKIP" signature="checkout(java.lang.String)[pri:5, instance:com.atmecs.practo.testscripts.ProductCheckoutTestScript@31a5c39e]" name="checkout" duration-ms="0" started-at="2019-09-23T13:33:20Z" data-provider="cityinput" finished-at="2019-09-23T13:33:20Z">
          <exception class="org.openqa.selenium.SessionNotCreatedException">
            <message>
              <![CDATA[session not created
from chrome not reachable
  (Session info: chrome=76.0.3809.132)
Build info: version: '4.0.0-alpha-2', revision: 'f148142cf8', time: '2019-07-01T20:55:26'
System info: host: 'ATMECSINLT-033', ip: '55.55.52.127', os.name: 'Windows 10', os.arch: 'amd64', os.version: '10.0', java.version: '1.8.0_221'
Driver info: driver.version: ChromeDriver
remote stacktrace: Backtrace:
Ordinal0 [0x00AF7C53+1473619]
Ordinal0 [0x00A7AD71+961905]
Ordinal0 [0x00A0415C+475484]
Ordinal0 [0x009FDAEA+449258]
Ordinal0 [0x009FE188+450952]
Ordinal0 [0x009FF295+455317]
Ordinal0 [0x009FB495+439445]
Ordinal0 [0x00A04F10+478992]
Ordinal0 [0x009B98FE+170238]
Ordinal0 [0x009B8D1D+167197]
Ordinal0 [0x009B742B+160811]
Ordinal0 [0x009A0AE6+68326]
Ordinal0 [0x009A1BF0+72688]
Ordinal0 [0x009A1B89+72585]
Ordinal0 [0x00A94B37+1067831]
GetHandleVerifier [0x00B96845+506677]
GetHandleVerifier [0x00B965E0+506064]
GetHandleVerifier [0x00B9D188+533624]
GetHandleVerifier [0x00B9701A+508682]
Ordinal0 [0x00A8C226+1032742]
Ordinal0 [0x00A8C09F+1032351]
Ordinal0 [0x00A96A4B+1075787]
Ordinal0 [0x00A96BB3+1076147]
Ordinal0 [0x00A95B65+1071973]
BaseThreadInitThunk [0x751560C9+25]
RtlGetAppContainerNamedObjectPath [0x76F77A94+228]
RtlGetAppContainerNamedObjectPath [0x76F77A64+180]
]]>
            </message>
            <full-stacktrace>
              <![CDATA[org.openqa.selenium.SessionNotCreatedException: session not created
from chrome not reachable
  (Session info: chrome=76.0.3809.132)
Build info: version: '4.0.0-alpha-2', revision: 'f148142cf8', time: '2019-07-01T20:55:26'
System info: host: 'ATMECSINLT-033', ip: '55.55.52.127', os.name: 'Windows 10', os.arch: 'amd64', os.version: '10.0', java.version: '1.8.0_221'
Driver info: driver.version: ChromeDriver
remote stacktrace: Backtrace:
Ordinal0 [0x00AF7C53+1473619]
Ordinal0 [0x00A7AD71+961905]
Ordinal0 [0x00A0415C+475484]
Ordinal0 [0x009FDAEA+449258]
Ordinal0 [0x009FE188+450952]
Ordinal0 [0x009FF295+455317]
Ordinal0 [0x009FB495+439445]
Ordinal0 [0x00A04F10+478992]
Ordinal0 [0x009B98FE+170238]
Ordinal0 [0x009B8D1D+167197]
Ordinal0 [0x009B742B+160811]
Ordinal0 [0x009A0AE6+68326]
Ordinal0 [0x009A1BF0+72688]
Ordinal0 [0x009A1B89+72585]
Ordinal0 [0x00A94B37+1067831]
GetHandleVerifier [0x00B96845+506677]
GetHandleVerifier [0x00B965E0+506064]
GetHandleVerifier [0x00B9D188+533624]
GetHandleVerifier [0x00B9701A+508682]
Ordinal0 [0x00A8C226+1032742]
Ordinal0 [0x00A8C09F+1032351]
Ordinal0 [0x00A96A4B+1075787]
Ordinal0 [0x00A96BB3+1076147]
Ordinal0 [0x00A95B65+1071973]
BaseThreadInitThunk [0x751560C9+25]
RtlGetAppContainerNamedObjectPath [0x76F77A94+228]
RtlGetAppContainerNamedObjectPath [0x76F77A64+180]

at sun.reflect.NativeConstructorAccessorImpl.newInstance0(Native Method)
at sun.reflect.NativeConstructorAccessorImpl.newInstance(NativeConstructorAccessorImpl.java:62)
at sun.reflect.DelegatingConstructorAccessorImpl.newInstance(DelegatingConstructorAccessorImpl.java:45)
at java.lang.reflect.Constructor.newInstance(Constructor.java:423)
at org.openqa.selenium.remote.W3CHandshakeResponse.lambda$errorHandler$0(W3CHandshakeResponse.java:62)
at org.openqa.selenium.remote.HandshakeResponse.lambda$getResponseFunction$0(HandshakeResponse.java:30)
at org.openqa.selenium.remote.ProtocolHandshake.lambda$createSession$1(ProtocolHandshake.java:127)
at java.util.stream.ReferencePipeline$3$1.accept(ReferencePipeline.java:193)
at java.util.Spliterators$ArraySpliterator.tryAdvance(Spliterators.java:958)
at java.util.stream.ReferencePipeline.forEachWithCancel(ReferencePipeline.java:126)
at java.util.stream.AbstractPipeline.copyIntoWithCancel(AbstractPipeline.java:499)
at java.util.stream.AbstractPipeline.copyInto(AbstractPipeline.java:486)
at java.util.stream.AbstractPipeline.wrapAndCopyInto(AbstractPipeline.java:472)
at java.util.stream.FindOps$FindOp.evaluateSequential(FindOps.java:152)
at java.util.stream.AbstractPipeline.evaluate(AbstractPipeline.java:234)
at java.util.stream.ReferencePipeline.findFirst(ReferencePipeline.java:464)
at org.openqa.selenium.remote.ProtocolHandshake.createSession(ProtocolHandshake.java:129)
at org.openqa.selenium.remote.ProtocolHandshake.createSession(ProtocolHandshake.java:75)
at org.openqa.selenium.remote.HttpCommandExecutor.execute(HttpCommandExecutor.java:139)
at org.openqa.selenium.remote.service.DriverCommandExecutor.execute(DriverCommandExecutor.java:83)
at org.openqa.selenium.remote.RemoteWebDriver.execute(RemoteWebDriver.java:576)
at org.openqa.selenium.remote.RemoteWebDriver.startSession(RemoteWebDriver.java:210)
at org.openqa.selenium.remote.RemoteWebDriver.<init>(RemoteWebDriver.java:130)
at org.openqa.selenium.chrome.ChromeDriver.<init>(ChromeDriver.java:181)
at org.openqa.selenium.chrome.ChromeDriver.<init>(ChromeDriver.java:168)
at org.openqa.selenium.chrome.ChromeDriver.<init>(ChromeDriver.java:123)
at com.atmecs.practo.testbase.TestBase.intitailizeBrowser(TestBase.java:34)
at sun.reflect.NativeMethodAccessorImpl.invoke0(Native Method)
at sun.reflect.NativeMethodAccessorImpl.invoke(NativeMethodAccessorImpl.java:62)
at sun.reflect.DelegatingMethodAccessorImpl.invoke(DelegatingMethodAccessorImpl.java:43)
at java.lang.reflect.Method.invoke(Method.java:498)
at org.testng.internal.MethodInvocationHelper.invokeMethod(MethodInvocationHelper.java:124)
at org.testng.internal.MethodInvocationHelper.invokeMethodConsideringTimeout(MethodInvocationHelper.java:59)
at org.testng.internal.Invoker.invokeConfigurationMethod(Invoker.java:458)
at org.testng.internal.Invoker.invokeConfigurations(Invoker.java:222)
at org.testng.internal.Invoker.invokeConfigurations(Invoker.java:142)
at org.testng.TestRunner.beforeRun(TestRunner.java:529)
at org.testng.TestRunner.run(TestRunner.java:497)
at org.testng.SuiteRunner.runTest(SuiteRunner.java:455)
at org.testng.SuiteRunner.runSequentially(SuiteRunner.java:450)
at org.testng.SuiteRunner.privateRun(SuiteRunner.java:415)
at org.testng.SuiteRunner.run(SuiteRunner.java:364)
at org.testng.SuiteRunnerWorker.runSuite(SuiteRunnerWorker.java:52)
at org.testng.SuiteRunnerWorker.run(SuiteRunnerWorker.java:84)
at org.testng.TestNG.runSuitesSequentially(TestNG.java:1208)
at org.testng.TestNG.runSuitesLocally(TestNG.java:1137)
at org.testng.TestNG.runSuites(TestNG.java:1049)
at org.testng.TestNG.run(TestNG.java:1017)
at org.apache.maven.surefire.testng.TestNGExecutor.run(TestNGExecutor.java:283)
at org.apache.maven.surefire.testng.TestNGXmlTestSuite.execute(TestNGXmlTestSuite.java:75)
at org.apache.maven.surefire.testng.TestNGProvider.invoke(TestNGProvider.java:120)
at org.apache.maven.surefire.booter.ForkedBooter.invokeProviderInSameClassLoader(ForkedBooter.java:384)
at org.apache.maven.surefire.booter.ForkedBooter.runSuitesInProcess(ForkedBooter.java:345)
at org.apache.maven.surefire.booter.ForkedBooter.execute(ForkedBooter.java:126)
at org.apache.maven.surefire.booter.ForkedBooter.main(ForkedBooter.java:418)
]]>
            </full-stacktrace>
          </exception> <!-- org.openqa.selenium.SessionNotCreatedException -->
          <reporter-output>
          </reporter-output>
        </test-method> <!-- checkout -->
      </class> <!-- com.atmecs.practo.testscripts.ProductCheckoutTestScript -->
    </test> <!-- checkoutTest -->
  </suite> <!-- Suite -->
</testng-results>
