<?xml version="1.0" encoding="UTF-8"?>
<!-- Generated by org.testng.reporters.JUnitXMLReporter -->
<testsuite hostname="ATMECSINLT-033" ignored="18" name="Default test" tests="5" failures="1" timestamp="23 Sep 2019 13:37:50 GMT" time="206.218" errors="0">
  <testcase name="isRedirectionCorrect" time="0.04" classname="com.atmecs.practo.testscripts.SelectPharmacyTestScript"/>
  <testcase name="clickDepartment" time="18.088" classname="com.atmecs.practo.testscripts.SelectPharmacyTestScript"/>
  <testcase name="productSelect" time="112.788" classname="com.atmecs.practo.testscripts.SelectProductTestScript"/>
  <testcase name="productSelect" time="42.938" classname="com.atmecs.practo.testscripts.ProductCheckoutTestScript">
    <failure type="org.openqa.selenium.NoSuchElementException" message="no such element: Unable to locate element: {&amp;quot;method&amp;quot;:&amp;quot;xpath&amp;quot;,&amp;quot;selector&amp;quot;:&amp;quot;//div[text()=&amp;apos;Pharmacy&amp;apos;]&amp;quot;}
  (Session info: chrome=76.0.3809.132)
For documentation on this error, please visit: https://www.seleniumhq.org/exceptions/no_such_element.html
Build info: version: &amp;apos;4.0.0-alpha-2&amp;apos;, revision: &amp;apos;f148142cf8&amp;apos;, time: &amp;apos;2019-07-01T20:55:26&amp;apos;
System info: host: &amp;apos;ATMECSINLT-033&amp;apos;, ip: &amp;apos;55.55.52.127&amp;apos;, os.name: &amp;apos;Windows 10&amp;apos;, os.arch: &amp;apos;amd64&amp;apos;, os.version: &amp;apos;10.0&amp;apos;, java.version: &amp;apos;1.8.0_221&amp;apos;
Driver info: org.openqa.selenium.chrome.ChromeDriver
Capabilities {acceptInsecureCerts: false, browserName: chrome, browserVersion: 76.0.3809.132, chrome: {chromedriverVersion: 76.0.3809.126 (d80a294506b4..., userDataDir: C:\Users\RISHAV~1.KUM\AppDa...}, goog:chromeOptions: {debuggerAddress: localhost:58129}, javascriptEnabled: true, networkConnectionEnabled: false, pageLoadStrategy: normal, platform: XP, platformName: XP, proxy: Proxy(), setWindowRect: true, strictFileInteractability: false, timeouts: {implicit: 0, pageLoad: 300000, script: 30000}, unhandledPromptBehavior: dismiss and notify}
Session ID: 56342073ce5ed87d777b0eb620c0ba7b
*** Element info: {Using=xpath, value=//div[text()=&amp;apos;Pharmacy&amp;apos;]}">
      <![CDATA[org.openqa.selenium.NoSuchElementException: no such element: Unable to locate element: {"method":"xpath","selector":"//div[text()='Pharmacy']"}
  (Session info: chrome=76.0.3809.132)
For documentation on this error, please visit: https://www.seleniumhq.org/exceptions/no_such_element.html
Build info: version: '4.0.0-alpha-2', revision: 'f148142cf8', time: '2019-07-01T20:55:26'
System info: host: 'ATMECSINLT-033', ip: '55.55.52.127', os.name: 'Windows 10', os.arch: 'amd64', os.version: '10.0', java.version: '1.8.0_221'
Driver info: org.openqa.selenium.chrome.ChromeDriver
Capabilities {acceptInsecureCerts: false, browserName: chrome, browserVersion: 76.0.3809.132, chrome: {chromedriverVersion: 76.0.3809.126 (d80a294506b4..., userDataDir: C:\Users\RISHAV~1.KUM\AppDa...}, goog:chromeOptions: {debuggerAddress: localhost:58129}, javascriptEnabled: true, networkConnectionEnabled: false, pageLoadStrategy: normal, platform: XP, platformName: XP, proxy: Proxy(), setWindowRect: true, strictFileInteractability: false, timeouts: {implicit: 0, pageLoad: 300000, script: 30000}, unhandledPromptBehavior: dismiss and notify}
Session ID: 56342073ce5ed87d777b0eb620c0ba7b
*** Element info: {Using=xpath, value=//div[text()='Pharmacy']}
at sun.reflect.GeneratedConstructorAccessor16.newInstance(Unknown Source)
at sun.reflect.DelegatingConstructorAccessorImpl.newInstance(DelegatingConstructorAccessorImpl.java:45)
at java.lang.reflect.Constructor.newInstance(Constructor.java:423)
at org.openqa.selenium.remote.codec.w3c.W3CHttpResponseCodec.createException(W3CHttpResponseCodec.java:191)
at org.openqa.selenium.remote.codec.w3c.W3CHttpResponseCodec.decode(W3CHttpResponseCodec.java:125)
at org.openqa.selenium.remote.codec.w3c.W3CHttpResponseCodec.decode(W3CHttpResponseCodec.java:52)
at org.openqa.selenium.remote.HttpCommandExecutor.execute(HttpCommandExecutor.java:161)
at org.openqa.selenium.remote.service.DriverCommandExecutor.execute(DriverCommandExecutor.java:83)
at org.openqa.selenium.remote.RemoteWebDriver.execute(RemoteWebDriver.java:576)
at org.openqa.selenium.remote.RemoteWebDriver.findElement(RemoteWebDriver.java:327)
at org.openqa.selenium.remote.RemoteWebDriver.findElementByXPath(RemoteWebDriver.java:445)
at org.openqa.selenium.By$ByXPath.findElement(By.java:353)
at org.openqa.selenium.remote.RemoteWebDriver.findElement(RemoteWebDriver.java:319)
at com.atmecs.practo.helper.CommonUtlity$1.apply(CommonUtlity.java:28)
at com.atmecs.practo.helper.CommonUtlity$1.apply(CommonUtlity.java:1)
at org.openqa.selenium.support.ui.FluentWait.until(FluentWait.java:249)
at com.atmecs.practo.helper.CommonUtlity.clickElement(CommonUtlity.java:26)
at com.atmecs.practo.pages.Pharmacy.selectDepartment(Pharmacy.java:22)
at com.atmecs.practo.testscripts.ProductCheckoutTestScript.productSelect(ProductCheckoutTestScript.java:24)
at sun.reflect.NativeMethodAccessorImpl.invoke0(Native Method)
at sun.reflect.NativeMethodAccessorImpl.invoke(NativeMethodAccessorImpl.java:62)
at sun.reflect.DelegatingMethodAccessorImpl.invoke(DelegatingMethodAccessorImpl.java:43)
at java.lang.reflect.Method.invoke(Method.java:498)
at org.testng.internal.MethodInvocationHelper.invokeMethod(MethodInvocationHelper.java:124)
at org.testng.internal.Invoker.invokeMethod(Invoker.java:583)
at org.testng.internal.Invoker.invokeTestMethod(Invoker.java:719)
at org.testng.internal.Invoker.invokeTestMethods(Invoker.java:989)
at org.testng.internal.TestMethodWorker.invokeTestMethods(TestMethodWorker.java:125)
at org.testng.internal.TestMethodWorker.run(TestMethodWorker.java:109)
at org.testng.TestRunner.privateRun(TestRunner.java:648)
at org.testng.TestRunner.run(TestRunner.java:505)
at org.testng.SuiteRunner.runTest(SuiteRunner.java:455)
at org.testng.SuiteRunner.runSequentially(SuiteRunner.java:450)
at org.testng.SuiteRunner.privateRun(SuiteRunner.java:415)
at org.testng.SuiteRunner.run(SuiteRunner.java:364)
at org.testng.SuiteRunnerWorker.runSuite(SuiteRunnerWorker.java:52)
at org.testng.SuiteRunnerWorker.run(SuiteRunnerWorker.java:84)
at org.testng.TestNG.runSuitesSequentially(TestNG.java:1208)
at org.testng.TestNG.runSuitesLocally(TestNG.java:1137)
at org.testng.TestNG.runSuites(TestNG.java:1049)
at org.testng.TestNG.run(TestNG.java:1017)
at org.testng.remote.AbstractRemoteTestNG.run(AbstractRemoteTestNG.java:115)
at org.testng.remote.RemoteTestNG.initAndRun(RemoteTestNG.java:251)
at org.testng.remote.RemoteTestNG.main(RemoteTestNG.java:77)
]]>
    </failure>
  </testcase> <!-- productSelect -->
  <testcase name="checkout" time="8.601" classname="com.atmecs.practo.testscripts.ProductCheckoutTestScript"/>
  <testcase name="@AfterTest clodeDriver" time="0.0" classname="com.atmecs.practo.testbase.TestBase">
    <ignored/>
  </testcase> <!-- @AfterTest clodeDriver -->
  <testcase name="@AfterTest clodeDriver" time="0.0" classname="com.atmecs.practo.testbase.TestBase">
    <ignored/>
  </testcase> <!-- @AfterTest clodeDriver -->
  <testcase name="@AfterTest clodeDriver" time="0.0" classname="com.atmecs.practo.testbase.TestBase">
    <ignored/>
  </testcase> <!-- @AfterTest clodeDriver -->
  <testcase name="@AfterTest clodeDriver" time="0.0" classname="com.atmecs.practo.testbase.TestBase">
    <ignored/>
  </testcase> <!-- @AfterTest clodeDriver -->
  <testcase name="@AfterTest clodeDriver" time="0.0" classname="com.atmecs.practo.testbase.TestBase">
    <ignored/>
  </testcase> <!-- @AfterTest clodeDriver -->
  <testcase name="@AfterTest clodeDriver" time="0.0" classname="com.atmecs.practo.testbase.TestBase">
    <ignored/>
  </testcase> <!-- @AfterTest clodeDriver -->
  <testcase name="@AfterTest clodeDriver" time="0.0" classname="com.atmecs.practo.testbase.TestBase">
    <ignored/>
  </testcase> <!-- @AfterTest clodeDriver -->
  <testcase name="@AfterTest clodeDriver" time="0.0" classname="com.atmecs.practo.testbase.TestBase">
    <ignored/>
  </testcase> <!-- @AfterTest clodeDriver -->
  <testcase name="@AfterTest clodeDriver" time="0.0" classname="com.atmecs.practo.testbase.TestBase">
    <ignored/>
  </testcase> <!-- @AfterTest clodeDriver -->
  <testcase name="@BeforeTest intitailizeBrowser" time="0.0" classname="com.atmecs.practo.testbase.TestBase">
    <ignored/>
  </testcase> <!-- @BeforeTest intitailizeBrowser -->
  <testcase name="@BeforeTest intitailizeBrowser" time="0.0" classname="com.atmecs.practo.testbase.TestBase">
    <ignored/>
  </testcase> <!-- @BeforeTest intitailizeBrowser -->
  <testcase name="@BeforeTest intitailizeBrowser" time="0.0" classname="com.atmecs.practo.testbase.TestBase">
    <ignored/>
  </testcase> <!-- @BeforeTest intitailizeBrowser -->
  <testcase name="@BeforeTest intitailizeBrowser" time="0.0" classname="com.atmecs.practo.testbase.TestBase">
    <ignored/>
  </testcase> <!-- @BeforeTest intitailizeBrowser -->
  <testcase name="@BeforeTest intitailizeBrowser" time="0.0" classname="com.atmecs.practo.testbase.TestBase">
    <ignored/>
  </testcase> <!-- @BeforeTest intitailizeBrowser -->
  <testcase name="@BeforeTest intitailizeBrowser" time="0.0" classname="com.atmecs.practo.testbase.TestBase">
    <ignored/>
  </testcase> <!-- @BeforeTest intitailizeBrowser -->
  <testcase name="@BeforeTest intitailizeBrowser" time="0.0" classname="com.atmecs.practo.testbase.TestBase">
    <ignored/>
  </testcase> <!-- @BeforeTest intitailizeBrowser -->
  <testcase name="@BeforeTest intitailizeBrowser" time="0.0" classname="com.atmecs.practo.testbase.TestBase">
    <ignored/>
  </testcase> <!-- @BeforeTest intitailizeBrowser -->
  <testcase name="@BeforeTest intitailizeBrowser" time="0.0" classname="com.atmecs.practo.testbase.TestBase">
    <ignored/>
  </testcase> <!-- @BeforeTest intitailizeBrowser -->
</testsuite> <!-- Default test -->
