<?xml version="1.0" encoding="UTF-8"?>
<!-- Generated by org.testng.reporters.JUnitXMLReporter -->
<testsuite hostname="ATMECSINLT-033" ignored="0" name="checkoutTest" tests="2" failures="0" timestamp="23 Sep 2019 13:33:20 GMT" time="16.658" errors="0">
  <testcase name="@BeforeTest intitailizeBrowser" time="16.484" classname="com.atmecs.practo.testbase.TestBase">
    <failure type="org.openqa.selenium.SessionNotCreatedException" message="session not created
from chrome not reachable
  (Session info: chrome=76.0.3809.132)
Build info: version: &amp;apos;4.0.0-alpha-2&amp;apos;, revision: &amp;apos;f148142cf8&amp;apos;, time: &amp;apos;2019-07-01T20:55:26&amp;apos;
System info: host: &amp;apos;ATMECSINLT-033&amp;apos;, ip: &amp;apos;55.55.52.127&amp;apos;, os.name: &amp;apos;Windows 10&amp;apos;, os.arch: &amp;apos;amd64&amp;apos;, os.version: &amp;apos;10.0&amp;apos;, java.version: &amp;apos;1.8.0_221&amp;apos;
Driver info: driver.version: ChromeDriver
remote stacktrace: Backtrace:
	Ordinal0 [0x00AF7C53+1473619]
	Ordinal0 [0x00A7AD71+961905]
	Ordinal0 [0x00A0415C+475484]
	Ordinal0 [0x009FDAEA+449258]
	Ordinal0 [0x009FE188+450952]
	Ordinal0 [0x009FF295+455317]
	Ordinal0 [0x009FB495+439445]
	Ordinal0 [0x00A04F10+478992]
	Ordinal0 [0x009B98FE+170238]
	Ordinal0 [0x009B8D1D+167197]
	Ordinal0 [0x009B742B+160811]
	Ordinal0 [0x009A0AE6+68326]
	Ordinal0 [0x009A1BF0+72688]
	Ordinal0 [0x009A1B89+72585]
	Ordinal0 [0x00A94B37+1067831]
	GetHandleVerifier [0x00B96845+506677]
	GetHandleVerifier [0x00B965E0+506064]
	GetHandleVerifier [0x00B9D188+533624]
	GetHandleVerifier [0x00B9701A+508682]
	Ordinal0 [0x00A8C226+1032742]
	Ordinal0 [0x00A8C09F+1032351]
	Ordinal0 [0x00A96A4B+1075787]
	Ordinal0 [0x00A96BB3+1076147]
	Ordinal0 [0x00A95B65+1071973]
	BaseThreadInitThunk [0x751560C9+25]
	RtlGetAppContainerNamedObjectPath [0x76F77A94+228]
	RtlGetAppContainerNamedObjectPath [0x76F77A64+180]
">
      <![CDATA[org.openqa.selenium.SessionNotCreatedException: session not created
from chrome not reachable
  (Session info: chrome=76.0.3809.132)
Build info: version: '4.0.0-alpha-2', revision: 'f148142cf8', time: '2019-07-01T20:55:26'
System info: host: 'ATMECSINLT-033', ip: '55.55.52.127', os.name: 'Windows 10', os.arch: 'amd64', os.version: '10.0', java.version: '1.8.0_221'
Driver info: driver.version: ChromeDriver
remote stacktrace: Backtrace:
Ordinal0 [0x00AF7C53+1473619]
Ordinal0 [0x00A7AD71+961905]
Ordinal0 [0x00A0415C+475484]
Ordinal0 [0x009FDAEA+449258]
Ordinal0 [0x009FE188+450952]
Ordinal0 [0x009FF295+455317]
Ordinal0 [0x009FB495+439445]
Ordinal0 [0x00A04F10+478992]
Ordinal0 [0x009B98FE+170238]
Ordinal0 [0x009B8D1D+167197]
Ordinal0 [0x009B742B+160811]
Ordinal0 [0x009A0AE6+68326]
Ordinal0 [0x009A1BF0+72688]
Ordinal0 [0x009A1B89+72585]
Ordinal0 [0x00A94B37+1067831]
GetHandleVerifier [0x00B96845+506677]
GetHandleVerifier [0x00B965E0+506064]
GetHandleVerifier [0x00B9D188+533624]
GetHandleVerifier [0x00B9701A+508682]
Ordinal0 [0x00A8C226+1032742]
Ordinal0 [0x00A8C09F+1032351]
Ordinal0 [0x00A96A4B+1075787]
Ordinal0 [0x00A96BB3+1076147]
Ordinal0 [0x00A95B65+1071973]
BaseThreadInitThunk [0x751560C9+25]
RtlGetAppContainerNamedObjectPath [0x76F77A94+228]
RtlGetAppContainerNamedObjectPath [0x76F77A64+180]

at org.openqa.selenium.remote.W3CHandshakeResponse.lambda$errorHandler$0(W3CHandshakeResponse.java:62)
at org.openqa.selenium.remote.HandshakeResponse.lambda$getResponseFunction$0(HandshakeResponse.java:30)
at org.openqa.selenium.remote.ProtocolHandshake.lambda$createSession$1(ProtocolHandshake.java:127)
at java.util.stream.ReferencePipeline$3$1.accept(ReferencePipeline.java:193)
at java.util.Spliterators$ArraySpliterator.tryAdvance(Spliterators.java:958)
at java.util.stream.ReferencePipeline.forEachWithCancel(ReferencePipeline.java:126)
at java.util.stream.AbstractPipeline.copyIntoWithCancel(AbstractPipeline.java:499)
at java.util.stream.AbstractPipeline.copyInto(AbstractPipeline.java:486)
at java.util.stream.AbstractPipeline.wrapAndCopyInto(AbstractPipeline.java:472)
at java.util.stream.FindOps$FindOp.evaluateSequential(FindOps.java:152)
at java.util.stream.AbstractPipeline.evaluate(AbstractPipeline.java:234)
at java.util.stream.ReferencePipeline.findFirst(ReferencePipeline.java:464)
at org.openqa.selenium.remote.ProtocolHandshake.createSession(ProtocolHandshake.java:129)
at org.openqa.selenium.remote.ProtocolHandshake.createSession(ProtocolHandshake.java:75)
at org.openqa.selenium.remote.HttpCommandExecutor.execute(HttpCommandExecutor.java:139)
at org.openqa.selenium.remote.service.DriverCommandExecutor.execute(DriverCommandExecutor.java:83)
at org.openqa.selenium.remote.RemoteWebDriver.execute(RemoteWebDriver.java:576)
at org.openqa.selenium.remote.RemoteWebDriver.startSession(RemoteWebDriver.java:210)
at org.openqa.selenium.remote.RemoteWebDriver.<init>(RemoteWebDriver.java:130)
at org.openqa.selenium.chrome.ChromeDriver.<init>(ChromeDriver.java:181)
at org.openqa.selenium.chrome.ChromeDriver.<init>(ChromeDriver.java:168)
at org.openqa.selenium.chrome.ChromeDriver.<init>(ChromeDriver.java:123)
at com.atmecs.practo.testbase.TestBase.intitailizeBrowser(TestBase.java:34)
... Removed 32 stack frames]]>
    </failure>
  </testcase> <!-- @BeforeTest intitailizeBrowser -->
  <testcase name="@AfterTest clodeDriver" time="0.0" classname="com.atmecs.practo.testbase.TestBase">
    <skipped/>
  </testcase> <!-- @AfterTest clodeDriver -->
  <testcase name="productSelect" time="0.0" classname="com.atmecs.practo.testscripts.ProductCheckoutTestScript">
    <skipped/>
  </testcase> <!-- productSelect -->
  <testcase name="checkout" time="0.0" classname="com.atmecs.practo.testscripts.ProductCheckoutTestScript">
    <skipped/>
  </testcase> <!-- checkout -->
</testsuite> <!-- checkoutTest -->
