<?xml version="1.0" encoding="UTF-8"?>
<!-- Generated by org.testng.reporters.JUnitReportReporter -->
<testsuite skipped="2" hostname="ATMECSINLT-033" name="com.atmecs.practo.testscripts.ProductCheckoutTestScript" tests="3" failures="0" timestamp="23 Sep 2019 13:33:20 GMT" time="16.484" errors="1">
  <testcase name="intitailizeBrowser" time="16.484" classname="com.atmecs.practo.testscripts.ProductCheckoutTestScript">
    <error type="org.openqa.selenium.SessionNotCreatedException" message="session not created
from chrome not reachable
  (Session info: chrome=76.0.3809.132)
Build info: version: &#039;4.0.0-alpha-2&#039;, revision: &#039;f148142cf8&#039;, time: &#039;2019-07-01T20:55:26&#039;
System info: host: &#039;ATMECSINLT-033&#039;, ip: &#039;55.55.52.127&#039;, os.name: &#039;Windows 10&#039;, os.arch: &#039;amd64&#039;, os.version: &#039;10.0&#039;, java.version: &#039;1.8.0_221&#039;
Driver info: driver.version: ChromeDriver
remote stacktrace: Backtrace:
	Ordinal0 [0x00AF7C53+1473619]
	Ordinal0 [0x00A7AD71+961905]
	Ordinal0 [0x00A0415C+475484]
	Ordinal0 [0x009FDAEA+449258]
	Ordinal0 [0x009FE188+450952]
	Ordinal0 [0x009FF295+455317]
	Ordinal0 [0x009FB495+439445]
	Ordinal0 [0x00A04F10+478992]
	Ordinal0 [0x009B98FE+170238]
	Ordinal0 [0x009B8D1D+167197]
	Ordinal0 [0x009B742B+160811]
	Ordinal0 [0x009A0AE6+68326]
	Ordinal0 [0x009A1BF0+72688]
	Ordinal0 [0x009A1B89+72585]
	Ordinal0 [0x00A94B37+1067831]
	GetHandleVerifier [0x00B96845+506677]
	GetHandleVerifier [0x00B965E0+506064]
	GetHandleVerifier [0x00B9D188+533624]
	GetHandleVerifier [0x00B9701A+508682]
	Ordinal0 [0x00A8C226+1032742]
	Ordinal0 [0x00A8C09F+1032351]
	Ordinal0 [0x00A96A4B+1075787]
	Ordinal0 [0x00A96BB3+1076147]
	Ordinal0 [0x00A95B65+1071973]
	BaseThreadInitThunk [0x751560C9+25]
	RtlGetAppContainerNamedObjectPath [0x76F77A94+228]
	RtlGetAppContainerNamedObjectPath [0x76F77A64+180]
">
      <![CDATA[org.openqa.selenium.SessionNotCreatedException: session not created
from chrome not reachable
  (Session info: chrome=76.0.3809.132)
Build info: version: '4.0.0-alpha-2', revision: 'f148142cf8', time: '2019-07-01T20:55:26'
System info: host: 'ATMECSINLT-033', ip: '55.55.52.127', os.name: 'Windows 10', os.arch: 'amd64', os.version: '10.0', java.version: '1.8.0_221'
Driver info: driver.version: ChromeDriver
remote stacktrace: Backtrace:
Ordinal0 [0x00AF7C53+1473619]
Ordinal0 [0x00A7AD71+961905]
Ordinal0 [0x00A0415C+475484]
Ordinal0 [0x009FDAEA+449258]
Ordinal0 [0x009FE188+450952]
Ordinal0 [0x009FF295+455317]
Ordinal0 [0x009FB495+439445]
Ordinal0 [0x00A04F10+478992]
Ordinal0 [0x009B98FE+170238]
Ordinal0 [0x009B8D1D+167197]
Ordinal0 [0x009B742B+160811]
Ordinal0 [0x009A0AE6+68326]
Ordinal0 [0x009A1BF0+72688]
Ordinal0 [0x009A1B89+72585]
Ordinal0 [0x00A94B37+1067831]
GetHandleVerifier [0x00B96845+506677]
GetHandleVerifier [0x00B965E0+506064]
GetHandleVerifier [0x00B9D188+533624]
GetHandleVerifier [0x00B9701A+508682]
Ordinal0 [0x00A8C226+1032742]
Ordinal0 [0x00A8C09F+1032351]
Ordinal0 [0x00A96A4B+1075787]
Ordinal0 [0x00A96BB3+1076147]
Ordinal0 [0x00A95B65+1071973]
BaseThreadInitThunk [0x751560C9+25]
RtlGetAppContainerNamedObjectPath [0x76F77A94+228]
RtlGetAppContainerNamedObjectPath [0x76F77A64+180]

at sun.reflect.NativeConstructorAccessorImpl.newInstance0(Native Method)
at sun.reflect.NativeConstructorAccessorImpl.newInstance(NativeConstructorAccessorImpl.java:62)
at sun.reflect.DelegatingConstructorAccessorImpl.newInstance(DelegatingConstructorAccessorImpl.java:45)
at java.lang.reflect.Constructor.newInstance(Constructor.java:423)
at org.openqa.selenium.remote.W3CHandshakeResponse.lambda$errorHandler$0(W3CHandshakeResponse.java:62)
at org.openqa.selenium.remote.HandshakeResponse.lambda$getResponseFunction$0(HandshakeResponse.java:30)
at org.openqa.selenium.remote.ProtocolHandshake.lambda$createSession$1(ProtocolHandshake.java:127)
at java.util.stream.ReferencePipeline$3$1.accept(ReferencePipeline.java:193)
at java.util.Spliterators$ArraySpliterator.tryAdvance(Spliterators.java:958)
at java.util.stream.ReferencePipeline.forEachWithCancel(ReferencePipeline.java:126)
at java.util.stream.AbstractPipeline.copyIntoWithCancel(AbstractPipeline.java:499)
at java.util.stream.AbstractPipeline.copyInto(AbstractPipeline.java:486)
at java.util.stream.AbstractPipeline.wrapAndCopyInto(AbstractPipeline.java:472)
at java.util.stream.FindOps$FindOp.evaluateSequential(FindOps.java:152)
at java.util.stream.AbstractPipeline.evaluate(AbstractPipeline.java:234)
at java.util.stream.ReferencePipeline.findFirst(ReferencePipeline.java:464)
at org.openqa.selenium.remote.ProtocolHandshake.createSession(ProtocolHandshake.java:129)
at org.openqa.selenium.remote.ProtocolHandshake.createSession(ProtocolHandshake.java:75)
at org.openqa.selenium.remote.HttpCommandExecutor.execute(HttpCommandExecutor.java:139)
at org.openqa.selenium.remote.service.DriverCommandExecutor.execute(DriverCommandExecutor.java:83)
at org.openqa.selenium.remote.RemoteWebDriver.execute(RemoteWebDriver.java:576)
at org.openqa.selenium.remote.RemoteWebDriver.startSession(RemoteWebDriver.java:210)
at org.openqa.selenium.remote.RemoteWebDriver.<init>(RemoteWebDriver.java:130)
at org.openqa.selenium.chrome.ChromeDriver.<init>(ChromeDriver.java:181)
at org.openqa.selenium.chrome.ChromeDriver.<init>(ChromeDriver.java:168)
at org.openqa.selenium.chrome.ChromeDriver.<init>(ChromeDriver.java:123)
at com.atmecs.practo.testbase.TestBase.intitailizeBrowser(TestBase.java:34)
at sun.reflect.NativeMethodAccessorImpl.invoke0(Native Method)
at sun.reflect.NativeMethodAccessorImpl.invoke(NativeMethodAccessorImpl.java:62)
at sun.reflect.DelegatingMethodAccessorImpl.invoke(DelegatingMethodAccessorImpl.java:43)
at java.lang.reflect.Method.invoke(Method.java:498)
at org.testng.internal.MethodInvocationHelper.invokeMethod(MethodInvocationHelper.java:124)
at org.testng.internal.MethodInvocationHelper.invokeMethodConsideringTimeout(MethodInvocationHelper.java:59)
at org.testng.internal.Invoker.invokeConfigurationMethod(Invoker.java:458)
at org.testng.internal.Invoker.invokeConfigurations(Invoker.java:222)
at org.testng.internal.Invoker.invokeConfigurations(Invoker.java:142)
at org.testng.TestRunner.beforeRun(TestRunner.java:529)
at org.testng.TestRunner.run(TestRunner.java:497)
at org.testng.SuiteRunner.runTest(SuiteRunner.java:455)
at org.testng.SuiteRunner.runSequentially(SuiteRunner.java:450)
at org.testng.SuiteRunner.privateRun(SuiteRunner.java:415)
at org.testng.SuiteRunner.run(SuiteRunner.java:364)
at org.testng.SuiteRunnerWorker.runSuite(SuiteRunnerWorker.java:52)
at org.testng.SuiteRunnerWorker.run(SuiteRunnerWorker.java:84)
at org.testng.TestNG.runSuitesSequentially(TestNG.java:1208)
at org.testng.TestNG.runSuitesLocally(TestNG.java:1137)
at org.testng.TestNG.runSuites(TestNG.java:1049)
at org.testng.TestNG.run(TestNG.java:1017)
at org.apache.maven.surefire.testng.TestNGExecutor.run(TestNGExecutor.java:283)
at org.apache.maven.surefire.testng.TestNGXmlTestSuite.execute(TestNGXmlTestSuite.java:75)
at org.apache.maven.surefire.testng.TestNGProvider.invoke(TestNGProvider.java:120)
at org.apache.maven.surefire.booter.ForkedBooter.invokeProviderInSameClassLoader(ForkedBooter.java:384)
at org.apache.maven.surefire.booter.ForkedBooter.runSuitesInProcess(ForkedBooter.java:345)
at org.apache.maven.surefire.booter.ForkedBooter.execute(ForkedBooter.java:126)
at org.apache.maven.surefire.booter.ForkedBooter.main(ForkedBooter.java:418)
]]>
    </error>
  </testcase> <!-- intitailizeBrowser -->
  <testcase name="productSelect" time="0.000" classname="com.atmecs.practo.testscripts.ProductCheckoutTestScript">
    <skipped/>
  </testcase> <!-- productSelect -->
  <testcase name="checkout" time="0.000" classname="com.atmecs.practo.testscripts.ProductCheckoutTestScript">
    <skipped/>
  </testcase> <!-- checkout -->
</testsuite> <!-- com.atmecs.practo.testscripts.ProductCheckoutTestScript -->
